Using pre-set license
Built from '2020.3/release' branch; Version is '2020.3.2f1 (8fd9074bf66c) revision 9427207'; Using compiler version '192528614'; Build Type 'Release'
OS: 'Windows 10 Enterprise; OS build 18363.1500; Version 1909; 64bit' Language: 'pl' Physical Memory: 8066 MB
BatchMode: 1, IsHumanControllingUs: 0, StartBugReporterOnCrash: 0, Is64bit: 1, IsPro: 0

 COMMAND LINE ARGUMENTS:
C:\Program Files\Unity\Hub\Editor\2020.3.2f1\Editor\Unity.exe
-adb2
-batchMode
-noUpm
-name
AssetImportWorker1
-projectPath
C:/Users/Lenovo/Desktop/Projekty Git/Space Shooter Unity/src
-logFile
Logs/AssetImportWorker1.log
-srvPort
54764
Successfully changed project path to: C:/Users/Lenovo/Desktop/Projekty Git/Space Shooter Unity/src
C:/Users/Lenovo/Desktop/Projekty Git/Space Shooter Unity/src
Using Asset Import Pipeline V2.
Refreshing native plugins compatible for Editor in 234.70 ms, found 1 plugins.
Preloading 0 native plugins for Editor in 0.00 ms.
Initialize engine version: 2020.3.2f1 (8fd9074bf66c)
[Subsystems] Discovering subsystems at path C:/Program Files/Unity/Hub/Editor/2020.3.2f1/Editor/Data/Resources/UnitySubsystems
[Subsystems] Discovering subsystems at path C:/Users/Lenovo/Desktop/Projekty Git/Space Shooter Unity/src/Assets
GfxDevice: creating device client; threaded=0
Direct3D:
    Version:  Direct3D 11.0 [level 11.0]
    Renderer: NVIDIA GeForce 940MX (ID=0x134d)
    Vendor:   
    VRAM:     2010 MB
    Driver:   26.21.14.3615
Initialize mono
Mono path[0] = 'C:/Program Files/Unity/Hub/Editor/2020.3.2f1/Editor/Data/Managed'
Mono path[1] = 'C:/Program Files/Unity/Hub/Editor/2020.3.2f1/Editor/Data/MonoBleedingEdge/lib/mono/unityjit'
Mono config path = 'C:/Program Files/Unity/Hub/Editor/2020.3.2f1/Editor/Data/MonoBleedingEdge/etc'
Using monoOptions --debugger-agent=transport=dt_socket,embedding=1,server=y,suspend=n,address=127.0.0.1:56964
Begin MonoManager ReloadAssembly
Registering precompiled unity dll's ...
Register platform support module: C:/Program Files/Unity/Hub/Editor/2020.3.2f1/Editor/Data/PlaybackEngines/WindowsStandaloneSupport/UnityEditor.WindowsStandalone.Extensions.dll
Registered in 0.006128 seconds.
Native extension for WindowsStandalone target not found
Refreshing native plugins compatible for Editor in 128.93 ms, found 1 plugins.
Preloading 0 native plugins for Editor in 0.00 ms.
Invoked RoslynAnalysisRunner static constructor.
RoslynAnalysisRunner will not be running.
RoslynAnalysisRunner has terminated.
Mono: successfully reloaded assembly
- Completed reload, in  5.612 seconds
Platform modules already initialized, skipping
Registering precompiled user dll's ...
Registered in 0.002716 seconds.
Begin MonoManager ReloadAssembly
Native extension for WindowsStandalone target not found
Refreshing native plugins compatible for Editor in 140.24 ms, found 1 plugins.
Preloading 0 native plugins for Editor in 0.00 ms.
Invoked RoslynAnalysisRunner static constructor.
RoslynAnalysisRunner will not be running.
RoslynAnalysisRunner has terminated.
Mono: successfully reloaded assembly
- Completed reload, in  3.196 seconds
Platform modules already initialized, skipping
========================================================================
Worker process is ready to serve import requests
Launched and connected shader compiler UnityShaderCompiler.exe after 0.29 seconds
Refreshing native plugins compatible for Editor in 0.75 ms, found 1 plugins.
Preloading 0 native plugins for Editor in 0.00 ms.
Unloading 1819 Unused Serialized files (Serialized files now loaded: 0)
System memory in use before: 85.3 MB.
System memory in use after: 85.2 MB.

Unloading 24 unused Assets to reduce memory usage. Loaded Objects now: 2263.
Total: 7.350000 ms (FindLiveObjects: 0.376000 ms CreateObjectMapping: 0.179400 ms MarkObjects: 6.312500 ms  DeleteObjects: 0.479200 ms)

========================================================================
Received Import Request.
  path: Assets/Scenes/Menu.unity
  artifactKey: Guid(50159d21ce954894cb0fa25386b3d6a7) Importer(815301076,1909f56bfc062723c751e8b465ee728b)
Start importing Assets/Scenes/Menu.unity using Guid(50159d21ce954894cb0fa25386b3d6a7) Importer(815301076,1909f56bfc062723c751e8b465ee728b)  -> (artifact id: '9d211b0249283eb88a6c1d4669e7282d') in 0.066058 seconds
  Import took 0.078399 seconds .

========================================================================
Received Prepare
Refreshing native plugins compatible for Editor in 4.51 ms, found 1 plugins.
Preloading 0 native plugins for Editor in 0.00 ms.
Unloading 10 Unused Serialized files (Serialized files now loaded: 0)
System memory in use before: 49.4 MB.
System memory in use after: 49.3 MB.

Unloading 10 unused Assets to reduce memory usage. Loaded Objects now: 2263.
Total: 7.835000 ms (FindLiveObjects: 0.976800 ms CreateObjectMapping: 0.217900 ms MarkObjects: 6.358900 ms  DeleteObjects: 0.277200 ms)

========================================================================
Received Prepare
Registering precompiled user dll's ...
Registered in 0.002504 seconds.
Begin MonoManager ReloadAssembly
Native extension for WindowsStandalone target not found
Refreshing native plugins compatible for Editor in 0.58 ms, found 1 plugins.
Preloading 0 native plugins for Editor in 0.00 ms.
Invoked RoslynAnalysisRunner static constructor.
RoslynAnalysisRunner will not be running.
RoslynAnalysisRunner has terminated.
Mono: successfully reloaded assembly
- Completed reload, in  1.441 seconds
Platform modules already initialized, skipping
Refreshing native plugins compatible for Editor in 0.91 ms, found 1 plugins.
Preloading 0 native plugins for Editor in 0.00 ms.
Unloading 1814 Unused Serialized files (Serialized files now loaded: 0)
System memory in use before: 85.2 MB.
System memory in use after: 85.2 MB.

Unloading 12 unused Assets to reduce memory usage. Loaded Objects now: 2267.
Total: 8.601400 ms (FindLiveObjects: 0.427000 ms CreateObjectMapping: 0.195600 ms MarkObjects: 7.770400 ms  DeleteObjects: 0.206000 ms)

========================================================================
Received Import Request.
  Time since last request: 158.861144 seconds.
  path: Assets/Scripts/PointsInfo.cs
  artifactKey: Guid(d42d62bd0bb2ae441adeeb0efce3150d) Importer(815301076,1909f56bfc062723c751e8b465ee728b)
Start importing Assets/Scripts/PointsInfo.cs using Guid(d42d62bd0bb2ae441adeeb0efce3150d) Importer(815301076,1909f56bfc062723c751e8b465ee728b)  -> (artifact id: '4ececbac93f29650b6d1b9e151286ca1') in 0.056940 seconds
  Import took 0.069348 seconds .

========================================================================
Received Prepare
Registering precompiled user dll's ...
Registered in 0.002508 seconds.
Begin MonoManager ReloadAssembly
Native extension for WindowsStandalone target not found
Refreshing native plugins compatible for Editor in 1.34 ms, found 1 plugins.
Preloading 0 native plugins for Editor in 0.00 ms.
Invoked RoslynAnalysisRunner static constructor.
RoslynAnalysisRunner will not be running.
RoslynAnalysisRunner has terminated.
Mono: successfully reloaded assembly
- Completed reload, in  2.700 seconds
Platform modules already initialized, skipping
Refreshing native plugins compatible for Editor in 1.97 ms, found 1 plugins.
Preloading 0 native plugins for Editor in 0.00 ms.
Unloading 1814 Unused Serialized files (Serialized files now loaded: 0)
System memory in use before: 85.3 MB.
System memory in use after: 85.2 MB.

Unloading 12 unused Assets to reduce memory usage. Loaded Objects now: 2271.
Total: 5.126000 ms (FindLiveObjects: 0.381900 ms CreateObjectMapping: 0.165500 ms MarkObjects: 4.356000 ms  DeleteObjects: 0.220500 ms)

========================================================================
Received Prepare
Registering precompiled user dll's ...
Registered in 0.002017 seconds.
Begin MonoManager ReloadAssembly
Native extension for WindowsStandalone target not found
Refreshing native plugins compatible for Editor in 0.96 ms, found 1 plugins.
Preloading 0 native plugins for Editor in 0.00 ms.
Invoked RoslynAnalysisRunner static constructor.
RoslynAnalysisRunner will not be running.
RoslynAnalysisRunner has terminated.
Mono: successfully reloaded assembly
- Completed reload, in  2.922 seconds
Platform modules already initialized, skipping
Refreshing native plugins compatible for Editor in 0.47 ms, found 1 plugins.
Preloading 0 native plugins for Editor in 0.00 ms.
Unloading 1814 Unused Serialized files (Serialized files now loaded: 0)
System memory in use before: 85.3 MB.
System memory in use after: 85.3 MB.

Unloading 12 unused Assets to reduce memory usage. Loaded Objects now: 2275.
Total: 3.246600 ms (FindLiveObjects: 0.596600 ms CreateObjectMapping: 0.155500 ms MarkObjects: 2.346300 ms  DeleteObjects: 0.146200 ms)

========================================================================
Received Import Request.
  Time since last request: 194.385133 seconds.
  path: Assets/Scripts/PointsInfo.cs
  artifactKey: Guid(d42d62bd0bb2ae441adeeb0efce3150d) Importer(815301076,1909f56bfc062723c751e8b465ee728b)
Start importing Assets/Scripts/PointsInfo.cs using Guid(d42d62bd0bb2ae441adeeb0efce3150d) Importer(815301076,1909f56bfc062723c751e8b465ee728b)  -> (artifact id: 'f889d7a2e646056a7b3ab95d40929ca1') in 0.017898 seconds
  Import took 0.026054 seconds .

========================================================================
Received Import Request.
  Time since last request: 0.028188 seconds.
  path: Assets/Scripts/PointsInfo.cs
  artifactKey: Guid(d42d62bd0bb2ae441adeeb0efce3150d) Importer(815301076,1909f56bfc062723c751e8b465ee728b)
Start importing Assets/Scripts/PointsInfo.cs using Guid(d42d62bd0bb2ae441adeeb0efce3150d) Importer(815301076,1909f56bfc062723c751e8b465ee728b)  -> (artifact id: 'f889d7a2e646056a7b3ab95d40929ca1') in 0.017453 seconds
  Import took 0.028665 seconds .

========================================================================
Received Prepare
Registering precompiled user dll's ...
Registered in 0.001750 seconds.
Begin MonoManager ReloadAssembly
Native extension for WindowsStandalone target not found
Refreshing native plugins compatible for Editor in 1.00 ms, found 1 plugins.
Preloading 0 native plugins for Editor in 0.00 ms.
Invoked RoslynAnalysisRunner static constructor.
RoslynAnalysisRunner will not be running.
RoslynAnalysisRunner has terminated.
Mono: successfully reloaded assembly
- Completed reload, in  3.222 seconds
Platform modules already initialized, skipping
Refreshing native plugins compatible for Editor in 0.85 ms, found 1 plugins.
Preloading 0 native plugins for Editor in 0.00 ms.
Unloading 1814 Unused Serialized files (Serialized files now loaded: 0)
System memory in use before: 85.3 MB.
System memory in use after: 85.3 MB.

Unloading 12 unused Assets to reduce memory usage. Loaded Objects now: 2279.
Total: 5.115900 ms (FindLiveObjects: 0.438700 ms CreateObjectMapping: 0.216800 ms MarkObjects: 4.220500 ms  DeleteObjects: 0.237200 ms)

========================================================================
Received Import Request.
  Time since last request: 65.700757 seconds.
  path: Assets/Scripts/PointsInfo.cs
  artifactKey: Guid(d42d62bd0bb2ae441adeeb0efce3150d) Importer(815301076,1909f56bfc062723c751e8b465ee728b)
Start importing Assets/Scripts/PointsInfo.cs using Guid(d42d62bd0bb2ae441adeeb0efce3150d) Importer(815301076,1909f56bfc062723c751e8b465ee728b)  -> (artifact id: '3aeb5b80ff465764136ef48f80a64f72') in 0.013790 seconds
  Import took 0.026220 seconds .

========================================================================
Received Prepare
Registering precompiled user dll's ...
Registered in 0.014812 seconds.
Begin MonoManager ReloadAssembly
Native extension for WindowsStandalone target not found
Refreshing native plugins compatible for Editor in 1.05 ms, found 1 plugins.
Preloading 0 native plugins for Editor in 0.00 ms.
Invoked RoslynAnalysisRunner static constructor.
RoslynAnalysisRunner will not be running.
RoslynAnalysisRunner has terminated.
Mono: successfully reloaded assembly
- Completed reload, in  2.603 seconds
Platform modules already initialized, skipping
Refreshing native plugins compatible for Editor in 0.52 ms, found 1 plugins.
Preloading 0 native plugins for Editor in 0.00 ms.
Unloading 1814 Unused Serialized files (Serialized files now loaded: 0)
System memory in use before: 85.3 MB.
System memory in use after: 85.3 MB.

Unloading 12 unused Assets to reduce memory usage. Loaded Objects now: 2283.
Total: 2.753600 ms (FindLiveObjects: 0.252100 ms CreateObjectMapping: 0.090500 ms MarkObjects: 2.214900 ms  DeleteObjects: 0.194700 ms)

========================================================================
Received Import Request.
  Time since last request: 113.375474 seconds.
  path: Assets/Scripts/PointsInfo.cs
  artifactKey: Guid(d42d62bd0bb2ae441adeeb0efce3150d) Importer(815301076,1909f56bfc062723c751e8b465ee728b)
Start importing Assets/Scripts/PointsInfo.cs using Guid(d42d62bd0bb2ae441adeeb0efce3150d) Importer(815301076,1909f56bfc062723c751e8b465ee728b)  -> (artifact id: '9f556f39d1361dee11f3c64ed6f174b3') in 0.018108 seconds
  Import took 0.026020 seconds .

========================================================================
Received Import Request.
  Time since last request: 0.039691 seconds.
  path: Assets/Scripts/PointsInfo.cs
  artifactKey: Guid(d42d62bd0bb2ae441adeeb0efce3150d) Importer(815301076,1909f56bfc062723c751e8b465ee728b)
Start importing Assets/Scripts/PointsInfo.cs using Guid(d42d62bd0bb2ae441adeeb0efce3150d) Importer(815301076,1909f56bfc062723c751e8b465ee728b)  -> (artifact id: '9f556f39d1361dee11f3c64ed6f174b3') in 0.022620 seconds
  Import took 0.031257 seconds .

========================================================================
Received Prepare
Registering precompiled user dll's ...
Registered in 0.002277 seconds.
Begin MonoManager ReloadAssembly
Native extension for WindowsStandalone target not found
Refreshing native plugins compatible for Editor in 0.45 ms, found 1 plugins.
Preloading 0 native plugins for Editor in 0.00 ms.
Invoked RoslynAnalysisRunner static constructor.
RoslynAnalysisRunner will not be running.
RoslynAnalysisRunner has terminated.
Mono: successfully reloaded assembly
- Completed reload, in  3.246 seconds
Platform modules already initialized, skipping
Refreshing native plugins compatible for Editor in 0.45 ms, found 1 plugins.
Preloading 0 native plugins for Editor in 0.00 ms.
Unloading 1814 Unused Serialized files (Serialized files now loaded: 0)
System memory in use before: 85.4 MB.
System memory in use after: 85.3 MB.

Unloading 12 unused Assets to reduce memory usage. Loaded Objects now: 2287.
Total: 2.724100 ms (FindLiveObjects: 0.346200 ms CreateObjectMapping: 0.119000 ms MarkObjects: 2.104100 ms  DeleteObjects: 0.153200 ms)

========================================================================
Received Prepare
Registering precompiled user dll's ...
Registered in 0.001555 seconds.
Begin MonoManager ReloadAssembly
Native extension for WindowsStandalone target not found
Refreshing native plugins compatible for Editor in 0.88 ms, found 1 plugins.
Preloading 0 native plugins for Editor in 0.00 ms.
Invoked RoslynAnalysisRunner static constructor.
RoslynAnalysisRunner will not be running.
RoslynAnalysisRunner has terminated.
Mono: successfully reloaded assembly
- Completed reload, in  2.312 seconds
Platform modules already initialized, skipping
Refreshing native plugins compatible for Editor in 0.87 ms, found 1 plugins.
Preloading 0 native plugins for Editor in 0.00 ms.
Unloading 1814 Unused Serialized files (Serialized files now loaded: 0)
System memory in use before: 85.4 MB.
System memory in use after: 85.3 MB.

Unloading 12 unused Assets to reduce memory usage. Loaded Objects now: 2291.
Total: 3.962600 ms (FindLiveObjects: 0.268000 ms CreateObjectMapping: 0.104900 ms MarkObjects: 3.380900 ms  DeleteObjects: 0.206400 ms)

========================================================================
Received Prepare
Registering precompiled user dll's ...
Registered in 0.002278 seconds.
Begin MonoManager ReloadAssembly
Native extension for WindowsStandalone target not found
Refreshing native plugins compatible for Editor in 0.46 ms, found 1 plugins.
Preloading 0 native plugins for Editor in 0.00 ms.
Invoked RoslynAnalysisRunner static constructor.
RoslynAnalysisRunner will not be running.
RoslynAnalysisRunner has terminated.
Mono: successfully reloaded assembly
- Completed reload, in  1.857 seconds
Platform modules already initialized, skipping
Refreshing native plugins compatible for Editor in 0.47 ms, found 1 plugins.
Preloading 0 native plugins for Editor in 0.00 ms.
Unloading 1814 Unused Serialized files (Serialized files now loaded: 0)
System memory in use before: 85.4 MB.
System memory in use after: 85.3 MB.

Unloading 12 unused Assets to reduce memory usage. Loaded Objects now: 2295.
Total: 3.493900 ms (FindLiveObjects: 0.579100 ms CreateObjectMapping: 0.223300 ms MarkObjects: 2.536000 ms  DeleteObjects: 0.150900 ms)

========================================================================
Received Import Request.
  Time since last request: 468.399439 seconds.
  path: Assets/Scripts/FixedSizePool.cs
  artifactKey: Guid(388db47ea3ea9464298c1625b7274dd6) Importer(815301076,1909f56bfc062723c751e8b465ee728b)
Start importing Assets/Scripts/FixedSizePool.cs using Guid(388db47ea3ea9464298c1625b7274dd6) Importer(815301076,1909f56bfc062723c751e8b465ee728b)  -> (artifact id: 'b439af7f37fbbf1dcc90bb27fc71ba5b') in 0.016612 seconds
  Import took 0.023885 seconds .

========================================================================
Received Import Request.
  Time since last request: 0.798163 seconds.
  path: Assets/Scripts/Menu.cs
  artifactKey: Guid(4fe45fd27e0ffef4b9366dacf3c7c92d) Importer(815301076,1909f56bfc062723c751e8b465ee728b)
Start importing Assets/Scripts/Menu.cs using Guid(4fe45fd27e0ffef4b9366dacf3c7c92d) Importer(815301076,1909f56bfc062723c751e8b465ee728b)  -> (artifact id: 'ddb252570dc53c40853cd79ff32e33f8') in 0.090426 seconds
  Import took 0.105068 seconds .

========================================================================
Received Import Request.
  Time since last request: 0.000358 seconds.
  path: Assets/Scripts/PlayerController.cs
  artifactKey: Guid(5c8551ba39694194ab82c17de723e826) Importer(815301076,1909f56bfc062723c751e8b465ee728b)
Start importing Assets/Scripts/PlayerController.cs using Guid(5c8551ba39694194ab82c17de723e826) Importer(815301076,1909f56bfc062723c751e8b465ee728b)  -> (artifact id: '19e696a8ad7f47b9eb295966abf9b6e9') in 0.055446 seconds
  Import took 0.068515 seconds .

========================================================================
Received Import Request.
  Time since last request: 14.939017 seconds.
  path: Assets/Scripts/Enemy.cs
  artifactKey: Guid(afce40d2de4badd4ba913d4b7b77138c) Importer(815301076,1909f56bfc062723c751e8b465ee728b)
Start importing Assets/Scripts/Enemy.cs using Guid(afce40d2de4badd4ba913d4b7b77138c) Importer(815301076,1909f56bfc062723c751e8b465ee728b)  -> (artifact id: '914825847a793cbef75b2e0059d4e145') in 0.011310 seconds
  Import took 0.017575 seconds .

========================================================================
Received Import Request.
  Time since last request: 1.299287 seconds.
  path: Assets/Scripts/Bullet.cs
  artifactKey: Guid(eacea8cc8370d9c46a24d7070106c8b1) Importer(815301076,1909f56bfc062723c751e8b465ee728b)
Start importing Assets/Scripts/Bullet.cs using Guid(eacea8cc8370d9c46a24d7070106c8b1) Importer(815301076,1909f56bfc062723c751e8b465ee728b)  -> (artifact id: '803a17c22ceea0d30e5c18f972972743') in 0.012116 seconds
  Import took 0.018803 seconds .

========================================================================
Received Import Request.
  Time since last request: 0.452365 seconds.
  path: Assets/Scripts/AudioManager.cs
  artifactKey: Guid(f742f9e4f8ced02488172f0a4c331a8a) Importer(815301076,1909f56bfc062723c751e8b465ee728b)
Start importing Assets/Scripts/AudioManager.cs using Guid(f742f9e4f8ced02488172f0a4c331a8a) Importer(815301076,1909f56bfc062723c751e8b465ee728b)  -> (artifact id: '2a91b6af5ebb07ff03a215aa5489f7e0') in 0.016473 seconds
  Import took 0.023685 seconds .

========================================================================
Received Prepare
Registering precompiled user dll's ...
Registered in 0.002546 seconds.
Begin MonoManager ReloadAssembly
Native extension for WindowsStandalone target not found
Refreshing native plugins compatible for Editor in 0.88 ms, found 1 plugins.
Preloading 0 native plugins for Editor in 0.00 ms.
Invoked RoslynAnalysisRunner static constructor.
RoslynAnalysisRunner will not be running.
RoslynAnalysisRunner has terminated.
Mono: successfully reloaded assembly
- Completed reload, in  2.865 seconds
Platform modules already initialized, skipping
Refreshing native plugins compatible for Editor in 0.84 ms, found 1 plugins.
Preloading 0 native plugins for Editor in 0.00 ms.
Unloading 1814 Unused Serialized files (Serialized files now loaded: 0)
System memory in use before: 85.4 MB.
System memory in use after: 85.4 MB.

Unloading 12 unused Assets to reduce memory usage. Loaded Objects now: 2299.
Total: 5.426900 ms (FindLiveObjects: 0.452800 ms CreateObjectMapping: 0.206100 ms MarkObjects: 4.468400 ms  DeleteObjects: 0.297000 ms)

========================================================================
Received Prepare
Registering precompiled user dll's ...
Registered in 0.002193 seconds.
Begin MonoManager ReloadAssembly
Native extension for WindowsStandalone target not found
Refreshing native plugins compatible for Editor in 1.06 ms, found 1 plugins.
Preloading 0 native plugins for Editor in 0.00 ms.
Invoked RoslynAnalysisRunner static constructor.
RoslynAnalysisRunner will not be running.
RoslynAnalysisRunner has terminated.
Mono: successfully reloaded assembly
- Completed reload, in  2.689 seconds
Platform modules already initialized, skipping
Refreshing native plugins compatible for Editor in 0.45 ms, found 1 plugins.
Preloading 0 native plugins for Editor in 0.00 ms.
Unloading 1814 Unused Serialized files (Serialized files now loaded: 0)
System memory in use before: 85.4 MB.
System memory in use after: 85.4 MB.

Unloading 12 unused Assets to reduce memory usage. Loaded Objects now: 2303.
Total: 4.424900 ms (FindLiveObjects: 0.541700 ms CreateObjectMapping: 0.274500 ms MarkObjects: 3.462300 ms  DeleteObjects: 0.143800 ms)

========================================================================
Received Import Request.
  Time since last request: 145.872683 seconds.
  path: Assets/Scripts/PointsInfo.cs
  artifactKey: Guid(d42d62bd0bb2ae441adeeb0efce3150d) Importer(815301076,1909f56bfc062723c751e8b465ee728b)
Start importing Assets/Scripts/PointsInfo.cs using Guid(d42d62bd0bb2ae441adeeb0efce3150d) Importer(815301076,1909f56bfc062723c751e8b465ee728b)  -> (artifact id: '56f71d1ccf5760a30f2efcd22d88bba3') in 0.012416 seconds
  Import took 0.019303 seconds .

========================================================================
Received Prepare
Registering precompiled user dll's ...
Registered in 0.001728 seconds.
Begin MonoManager ReloadAssembly
Native extension for WindowsStandalone target not found
Refreshing native plugins compatible for Editor in 0.47 ms, found 1 plugins.
Preloading 0 native plugins for Editor in 0.00 ms.
Invoked RoslynAnalysisRunner static constructor.
RoslynAnalysisRunner will not be running.
RoslynAnalysisRunner has terminated.
Mono: successfully reloaded assembly
- Completed reload, in  1.615 seconds
Platform modules already initialized, skipping
Refreshing native plugins compatible for Editor in 0.45 ms, found 1 plugins.
Preloading 0 native plugins for Editor in 0.00 ms.
Unloading 1814 Unused Serialized files (Serialized files now loaded: 0)
System memory in use before: 85.4 MB.
System memory in use after: 85.4 MB.

Unloading 12 unused Assets to reduce memory usage. Loaded Objects now: 2307.
Total: 2.786500 ms (FindLiveObjects: 0.279200 ms CreateObjectMapping: 0.125100 ms MarkObjects: 2.245300 ms  DeleteObjects: 0.133200 ms)

========================================================================
Received Import Request.
  Time since last request: 74.232084 seconds.
  path: Assets/Scripts/AudioManager.cs
  artifactKey: Guid(f742f9e4f8ced02488172f0a4c331a8a) Importer(815301076,1909f56bfc062723c751e8b465ee728b)
Start importing Assets/Scripts/AudioManager.cs using Guid(f742f9e4f8ced02488172f0a4c331a8a) Importer(815301076,1909f56bfc062723c751e8b465ee728b)  -> (artifact id: '16a002baedb85fe3ad9057fc0955bc04') in 0.016597 seconds
  Import took 0.023068 seconds .

========================================================================
Received Import Request.
  Time since last request: 0.053642 seconds.
  path: Assets/Scripts/AudioManager.cs
  artifactKey: Guid(f742f9e4f8ced02488172f0a4c331a8a) Importer(815301076,1909f56bfc062723c751e8b465ee728b)
Start importing Assets/Scripts/AudioManager.cs using Guid(f742f9e4f8ced02488172f0a4c331a8a) Importer(815301076,1909f56bfc062723c751e8b465ee728b)  -> (artifact id: '16a002baedb85fe3ad9057fc0955bc04') in 0.020525 seconds
  Import took 0.029280 seconds .

========================================================================
Received Prepare
Registering precompiled user dll's ...
Registered in 0.001293 seconds.
Begin MonoManager ReloadAssembly
Native extension for WindowsStandalone target not found
Refreshing native plugins compatible for Editor in 0.74 ms, found 1 plugins.
Preloading 0 native plugins for Editor in 0.00 ms.
Invoked RoslynAnalysisRunner static constructor.
RoslynAnalysisRunner will not be running.
RoslynAnalysisRunner has terminated.
Mono: successfully reloaded assembly
- Completed reload, in  2.098 seconds
Platform modules already initialized, skipping
Refreshing native plugins compatible for Editor in 1.35 ms, found 1 plugins.
Preloading 0 native plugins for Editor in 0.00 ms.
Unloading 1814 Unused Serialized files (Serialized files now loaded: 0)
System memory in use before: 85.4 MB.
System memory in use after: 85.4 MB.

Unloading 12 unused Assets to reduce memory usage. Loaded Objects now: 2311.
Total: 5.564800 ms (FindLiveObjects: 0.463300 ms CreateObjectMapping: 0.220900 ms MarkObjects: 4.660300 ms  DeleteObjects: 0.218200 ms)

========================================================================
Received Prepare
Registering precompiled user dll's ...
Registered in 0.002465 seconds.
Begin MonoManager ReloadAssembly
Native extension for WindowsStandalone target not found
Refreshing native plugins compatible for Editor in 0.59 ms, found 1 plugins.
Preloading 0 native plugins for Editor in 0.00 ms.
Invoked RoslynAnalysisRunner static constructor.
RoslynAnalysisRunner will not be running.
RoslynAnalysisRunner has terminated.
Mono: successfully reloaded assembly
- Completed reload, in  2.621 seconds
Platform modules already initialized, skipping
Refreshing native plugins compatible for Editor in 0.45 ms, found 1 plugins.
Preloading 0 native plugins for Editor in 0.00 ms.
Unloading 1814 Unused Serialized files (Serialized files now loaded: 0)
System memory in use before: 85.4 MB.
System memory in use after: 85.4 MB.

Unloading 12 unused Assets to reduce memory usage. Loaded Objects now: 2315.
Total: 4.968800 ms (FindLiveObjects: 0.401300 ms CreateObjectMapping: 0.173200 ms MarkObjects: 4.128400 ms  DeleteObjects: 0.262900 ms)

AssetImportWorkerClient::OnTransportError - code=2 error=End of file
